0 verbose cli /usr/local/bin/node /usr/local/bin/npm
1 info using npm@11.6.2
2 info using node@v24.11.1
3 silly config load:file:/usr/local/lib/node_modules/npm/npmrc
4 silly config load:file:/Users/arslanondar2003gmail.com/Desktop/khural/khural-front/.npmrc
5 silly config load:file:/Users/arslanondar2003gmail.com/.npmrc
6 silly config load:file:/Users/arslanondar2003gmail.com/Desktop/khural/khural-front/etc/npmrc
7 verbose title npm install
8 verbose argv "--prefix" "/Users/arslanondar2003gmail.com/Desktop/khural/khural-front" "--cache" "/Users/arslanondar2003gmail.com/Desktop/khural/.npm-cache" "install" "--no-audit" "--no-fund"
9 verbose logfile logs-max:10 dir:/Users/arslanondar2003gmail.com/Desktop/khural/.npm-cache/_logs/2025-12-20T11_08_15_240Z-
10 verbose logfile /Users/arslanondar2003gmail.com/Desktop/khural/.npm-cache/_logs/2025-12-20T11_08_15_240Z-debug-0.log
11 silly logfile done cleaning log files
12 silly packumentCache heap:4496293888 maxSize:1124073472 maxEntrySize:562036736
13 silly idealTree buildDeps
14 silly reify mark retired [
14 silly reify   '/Users/arslanondar2003gmail.com/Desktop/khural/khural-front/node_modules/cookie'
14 silly reify ]
15 silly reify mark retired [
15 silly reify   '/Users/arslanondar2003gmail.com/Desktop/khural/khural-front/node_modules/react-router'
15 silly reify ]
16 silly reify mark retired [
16 silly reify   '/Users/arslanondar2003gmail.com/Desktop/khural/khural-front/node_modules/react-router-dom'
16 silly reify ]
17 silly reify mark retired [
17 silly reify   '/Users/arslanondar2003gmail.com/Desktop/khural/khural-front/node_modules/set-cookie-parser'
17 silly reify ]
18 silly reify moves {
18 silly reify   '/Users/arslanondar2003gmail.com/Desktop/khural/khural-front/node_modules/cookie': '/Users/arslanondar2003gmail.com/Desktop/khural/khural-front/node_modules/.cookie-NlvCvfdR',
18 silly reify   '/Users/arslanondar2003gmail.com/Desktop/khural/khural-front/node_modules/react-router': '/Users/arslanondar2003gmail.com/Desktop/khural/khural-front/node_modules/.react-router-JbDRNORS',
18 silly reify   '/Users/arslanondar2003gmail.com/Desktop/khural/khural-front/node_modules/react-router-dom': '/Users/arslanondar2003gmail.com/Desktop/khural/khural-front/node_modules/.react-router-dom-oFxAmKxi',
18 silly reify   '/Users/arslanondar2003gmail.com/Desktop/khural/khural-front/node_modules/set-cookie-parser': '/Users/arslanondar2003gmail.com/Desktop/khural/khural-front/node_modules/.set-cookie-parser-oZeA1Q8J'
18 silly reify }
19 silly REMOVE node_modules/set-cookie-parser
20 silly REMOVE node_modules/react-router-dom
21 silly REMOVE node_modules/react-router
22 silly REMOVE node_modules/cookie
23 verbose cwd /Users/arslanondar2003gmail.com/Desktop/khural
24 verbose os Darwin 25.1.0
25 verbose node v24.11.1
26 verbose npm  v11.6.2
27 verbose exit 0
28 info ok
